
=== Wed Feb 24 10:52:59 2021

Packages were changed.
Update Mode: updateDependencies

The following packages were updated:
  com.unity.mathematics from version 1.1.0 to 1.2.1
  com.unity.test-framework from version 1.1.14 to 1.1.22
  com.unity.xr.management from version 3.2.13 to 3.2.17

=== Wed Mar  2 18:42:05 2022

Packages were changed.
Update Mode: updateDependencies

The following packages were added:
  com.unity.ide.visualstudio@2.0.12
The following packages were updated:
  com.unity.collab-proxy from version 1.2.16 to 1.14.4
  com.unity.mathematics from version 1.2.1 to 1.2.5
  com.unity.recorder from version 2.5.4 to 2.5.5
  com.unity.test-framework from version 1.1.22 to 1.1.29
  com.unity.textmeshpro from version 2.0.1 to 2.1.4
  com.unity.timeline from version 1.2.6 to 1.2.18
  com.unity.xr.management from version 3.2.17 to 4.0.1
